<?xml version="1.0" encoding="UTF-8"?>
<!-- Generated by org.testng.reporters.JUnitXMLReporter -->
<testsuite hostname="CS-VEC004-W7" tests="0" failures="0" timestamp="22 Nov 2016 08:40:46 GMT" time="20.195" errors="0">
  <testcase name="@BeforeTest beforeTest" time="0.0" classname="com.cs.test.SeleniumTest">
    <failure type="java.lang.NullPointerException">
      <![CDATA[java.lang.NullPointerException
	at com.cs.util.RemoteWebDriverUtil.loadDriver(RemoteWebDriverUtil.java:39)
	at com.cs.test.SeleniumTest.beforeTest(SeleniumTest.java:28)
	at java.util.concurrent.FutureTask.run(FutureTask.java:266)
	at java.util.concurrent.ThreadPoolExecutor.runWorker(ThreadPoolExecutor.java:1142)
	at java.util.concurrent.ThreadPoolExecutor$Worker.run(ThreadPoolExecutor.java:617)
	at java.lang.Thread.run(Thread.java:745)
... Removed 14 stack frames]]>
    </failure>
  </testcase> <!-- @BeforeTest beforeTest -->
  <testcase name="@AfterTest afterTest" time="0.0" classname="com.cs.test.SeleniumTest">
    <skipped/>
  </testcase> <!-- @AfterTest afterTest -->
</testsuite>
