<?xml version="1.0" encoding="UTF-8"?>
<!-- Generated by org.testng.reporters.JUnitXMLReporter -->
<testsuite hostname="CS-VEC004-W7" name="Default test" tests="1" failures="1" timestamp="1 Dec 2016 05:34:01 GMT" time="46.502" errors="0">
  <testcase name="@AfterTest afterTest" time="0.001" classname="com.cs.test.SeleniumTest3">
    <failure type="java.lang.NullPointerException">
      <![CDATA[java.lang.NullPointerException
	at com.cs.test.SeleniumTest3.afterTest(SeleniumTest3.java:112)
	at sun.reflect.NativeMethodAccessorImpl.invoke0(Native Method)
	at sun.reflect.NativeMethodAccessorImpl.invoke(NativeMethodAccessorImpl.java:62)
	at sun.reflect.DelegatingMethodAccessorImpl.invoke(DelegatingMethodAccessorImpl.java:43)
	at java.lang.reflect.Method.invoke(Method.java:497)
	at org.testng.internal.MethodInvocationHelper.invokeMethod(MethodInvocationHelper.java:100)
	at org.testng.internal.Invoker.invokeConfigurationMethod(Invoker.java:515)
	at org.testng.internal.Invoker.invokeConfigurations(Invoker.java:216)
	at org.testng.internal.Invoker.invokeConfigurations(Invoker.java:143)
	at org.testng.TestRunner.afterRun(TestRunner.java:973)
	at org.testng.TestRunner.run(TestRunner.java:604)
	at org.testng.SuiteRunner.runTest(SuiteRunner.java:366)
	at org.testng.SuiteRunner.runSequentially(SuiteRunner.java:361)
	at org.testng.SuiteRunner.privateRun(SuiteRunner.java:319)
	at org.testng.SuiteRunner.run(SuiteRunner.java:268)
	at org.testng.SuiteRunnerWorker.runSuite(SuiteRunnerWorker.java:52)
	at org.testng.SuiteRunnerWorker.run(SuiteRunnerWorker.java:86)
	at org.testng.TestNG.runSuitesSequentially(TestNG.java:1264)
	at org.testng.TestNG.runSuitesLocally(TestNG.java:1189)
	at org.testng.TestNG.runSuites(TestNG.java:1104)
	at org.testng.TestNG.run(TestNG.java:1076)
	at org.testng.remote.AbstractRemoteTestNG.run(AbstractRemoteTestNG.java:126)
	at org.testng.remote.RemoteTestNG.initAndRun(RemoteTestNG.java:152)
	at org.testng.remote.RemoteTestNG.main(RemoteTestNG.java:57)
]]>
    </failure>
  </testcase> <!-- @AfterTest afterTest -->
  <testcase name="test" time="46.476" classname="com.cs.test.SeleniumTest3">
    <failure type="org.openqa.selenium.WebDriverException" message="Failed to connect to binary FirefoxBinary(D:\dl\Firefox_47.0.1.6018_setup\core\firefox.exe) on port 7055; process output follows: 
*******
*************************
A coding exception was thrown and uncaught in a Task.

Full message: TypeError: aAddon._installLocation is undefined
Full stack: shouldVerifySignedState@resource://gre/modules/addons/XPIProvider.jsm:1696:1
verifyZipSignedState@resource://gre/modules/addons/XPIProvider.jsm:1729:8
loadManifestFromZipReader&amp;lt;@resource://gre/modules/addons/XPIProvider.jsm:1450:35
TaskImpl_run@resource://gre/modules/Task.jsm:319:40
TaskImpl@resource://gre/modules/Task.jsm:280:3
createAsyncFunction/asyncFunction@resource://gre/modules/Task.jsm:254:14
loadManifestFromZipFile&amp;lt;@resource://gre/modules/addons/XPIProvider.jsm:1482:26
TaskImpl_run@resource://gre/modules/Task.jsm:319:40
TaskImpl@resource://gre/modules/Task.jsm:280:3
createAsyncFunction/asyncFunction@resource://gre/modules/Task.jsm:254:14
loadManifestFromFile@resource://gre/modules/addons/XPIProvider.jsm:1492:12
AddonInstaller.InstallerService._shouldInstall/&amp;lt;@resource://addoninstaller/installerService.js:319:49
safeCall@resource://gre/modules/AddonManager.jsm:188:5
makeSafe/&amp;lt;@resource://gre/modules/AddonManager.jsm:204:25
Handler.prototype.process@resource://gre/modules/Promise.jsm -&amp;gt; resource://gre/modules/Promise-backend.js:937:23
this.PromiseWalker.walkerLoop@resource://gre/modules/Promise.jsm -&amp;gt; resource://gre/modules/Promise-backend.js:816:7
this.PromiseWalker.scheduleWalkerLoop/&amp;lt;@resource://gre/modules/Promise.jsm -&amp;gt; resource://gre/modules/Promise-backend.js:750:11

*************************
1480570415744	addons.xpi	DEBUG	Calling bootstrap method shutdown on commonfix@mozillaonline.com version 0.13
console.error: 
  Message: ReferenceError: reason is not defined
  Stack:
    exports.onUnload@resource://gre/modules/commonjs/toolkit/loader.js -&amp;gt; resource://commonfix-at-mozillaonline-dot-com/commonfix/lib/main.js:316:1
unload/&amp;lt;@resource://gre/modules/commonjs/toolkit/loader.js -&amp;gt; resource://gre/modules/commonjs/sdk/system/unload.js:79:9
unload@resource://gre/modules/commonjs/toolkit/loader.js -&amp;gt; resource://gre/modules/commonjs/sdk/system/unload.js:73:3
onunload@resource://gre/modules/commonjs/toolkit/loader.js -&amp;gt; resource://gre/modules/commonjs/sdk/system/unload.js:99:5
Observer&amp;lt;.observe@resource://gre/modules/commonjs/toolkit/loader.js -&amp;gt; resource://gre/modules/commonjs/sdk/system/events.js:81:7
unload@resource://gre/modules/commonjs/toolkit/loader.js:954:3
shutdown@resource://gre/modules/addons/XPIProvider.jsm -&amp;gt; jar:file:///C:/Users/ZENGEL/AppData/Local/Temp/anonymous7072077647017486955webdriver-profile/extensions/commonfix@mozillaonline.com.xpi!/bootstrap.js:303:5
this.XPIProvider.callBootstrapMethod@resource://gre/modules/addons/XPIProvider.jsm:4800:9
this.XPIProvider.startup/&amp;lt;.observe@resource://gre/modules/addons/XPIProvider.jsm:2811:15

1480570415750	addons.xpi	DEBUG	Calling bootstrap method shutdown on wx-assistant@mozillaonline.com version 1.1.5
1480570415752	addons.xpi	DEBUG	Calling bootstrap method shutdown on aushelper@mozilla.org version 1.0
1480570415753	addons.xpi	DEBUG	Calling bootstrap method shutdown on e10srollout@mozilla.org version 1.5
1480570415753	addons.xpi	DEBUG	Calling bootstrap method shutdown on firefox@getpocket.com version 1.0.5
1480570415753	addons.xpi	DEBUG	Calling bootstrap method shutdown on webcompat@mozilla.org version 1.0
1480570415978	addons.manager	DEBUG	shutdown
1480570415979	addons.manager	DEBUG	Calling shutdown blocker for XPIProvider
1480570415979	addons.xpi	DEBUG	shutdown
1480570415980	addons.xpi-utils	DEBUG	shutdown
1480570415982	addons.manager	DEBUG	Calling shutdown blocker for LightweightThemeManager
1480570415983	addons.manager	DEBUG	Calling shutdown blocker for GMPProvider
1480570415991	addons.manager	DEBUG	Calling shutdown blocker for PluginProvider
1480570415994	addons.manager	DEBUG	Calling shutdown blocker for &amp;lt;unnamed-provider&amp;gt;
1480570416000	addons.manager	DEBUG	Calling shutdown blocker for PreviousExperimentProvider
1480570416006	addons.xpi	DEBUG	Notifying XPI shutdown observers
1480570416010	addons.manager	DEBUG	Async provider shutdown done

Build info: version: &amp;apos;2.44.0&amp;apos;, revision: &amp;apos;76d78cf323ce037c5f92db6c1bba601c2ac43ad8&amp;apos;, time: &amp;apos;2014-10-23 13:11:40&amp;apos;
System info: host: &amp;apos;CS-VEC004-W7&amp;apos;, ip: &amp;apos;10.222.48.46&amp;apos;, os.name: &amp;apos;Windows 7&amp;apos;, os.arch: &amp;apos;amd64&amp;apos;, os.version: &amp;apos;6.1&amp;apos;, java.version: &amp;apos;1.8.0_73&amp;apos;
Driver info: driver.version: FirefoxDriver">
      <![CDATA[org.openqa.selenium.WebDriverException: Failed to connect to binary FirefoxBinary(D:\dl\Firefox_47.0.1.6018_setup\core\firefox.exe) on port 7055; process output follows: 
*******
*************************
A coding exception was thrown and uncaught in a Task.

Full message: TypeError: aAddon._installLocation is undefined
Full stack: shouldVerifySignedState@resource://gre/modules/addons/XPIProvider.jsm:1696:1
verifyZipSignedState@resource://gre/modules/addons/XPIProvider.jsm:1729:8
loadManifestFromZipReader<@resource://gre/modules/addons/XPIProvider.jsm:1450:35
TaskImpl_run@resource://gre/modules/Task.jsm:319:40
TaskImpl@resource://gre/modules/Task.jsm:280:3
createAsyncFunction/asyncFunction@resource://gre/modules/Task.jsm:254:14
loadManifestFromZipFile<@resource://gre/modules/addons/XPIProvider.jsm:1482:26
TaskImpl_run@resource://gre/modules/Task.jsm:319:40
TaskImpl@resource://gre/modules/Task.jsm:280:3
createAsyncFunction/asyncFunction@resource://gre/modules/Task.jsm:254:14
loadManifestFromFile@resource://gre/modules/addons/XPIProvider.jsm:1492:12
AddonInstaller.InstallerService._shouldInstall/<@resource://addoninstaller/installerService.js:319:49
safeCall@resource://gre/modules/AddonManager.jsm:188:5
makeSafe/<@resource://gre/modules/AddonManager.jsm:204:25
Handler.prototype.process@resource://gre/modules/Promise.jsm -> resource://gre/modules/Promise-backend.js:937:23
this.PromiseWalker.walkerLoop@resource://gre/modules/Promise.jsm -> resource://gre/modules/Promise-backend.js:816:7
this.PromiseWalker.scheduleWalkerLoop/<@resource://gre/modules/Promise.jsm -> resource://gre/modules/Promise-backend.js:750:11

*************************
1480570415744	addons.xpi	DEBUG	Calling bootstrap method shutdown on commonfix@mozillaonline.com version 0.13
console.error: 
  Message: ReferenceError: reason is not defined
  Stack:
    exports.onUnload@resource://gre/modules/commonjs/toolkit/loader.js -> resource://commonfix-at-mozillaonline-dot-com/commonfix/lib/main.js:316:1
unload/<@resource://gre/modules/commonjs/toolkit/loader.js -> resource://gre/modules/commonjs/sdk/system/unload.js:79:9
unload@resource://gre/modules/commonjs/toolkit/loader.js -> resource://gre/modules/commonjs/sdk/system/unload.js:73:3
onunload@resource://gre/modules/commonjs/toolkit/loader.js -> resource://gre/modules/commonjs/sdk/system/unload.js:99:5
Observer<.observe@resource://gre/modules/commonjs/toolkit/loader.js -> resource://gre/modules/commonjs/sdk/system/events.js:81:7
unload@resource://gre/modules/commonjs/toolkit/loader.js:954:3
shutdown@resource://gre/modules/addons/XPIProvider.jsm -> jar:file:///C:/Users/ZENGEL/AppData/Local/Temp/anonymous7072077647017486955webdriver-profile/extensions/commonfix@mozillaonline.com.xpi!/bootstrap.js:303:5
this.XPIProvider.callBootstrapMethod@resource://gre/modules/addons/XPIProvider.jsm:4800:9
this.XPIProvider.startup/<.observe@resource://gre/modules/addons/XPIProvider.jsm:2811:15

1480570415750	addons.xpi	DEBUG	Calling bootstrap method shutdown on wx-assistant@mozillaonline.com version 1.1.5
1480570415752	addons.xpi	DEBUG	Calling bootstrap method shutdown on aushelper@mozilla.org version 1.0
1480570415753	addons.xpi	DEBUG	Calling bootstrap method shutdown on e10srollout@mozilla.org version 1.5
1480570415753	addons.xpi	DEBUG	Calling bootstrap method shutdown on firefox@getpocket.com version 1.0.5
1480570415753	addons.xpi	DEBUG	Calling bootstrap method shutdown on webcompat@mozilla.org version 1.0
1480570415978	addons.manager	DEBUG	shutdown
1480570415979	addons.manager	DEBUG	Calling shutdown blocker for XPIProvider
1480570415979	addons.xpi	DEBUG	shutdown
1480570415980	addons.xpi-utils	DEBUG	shutdown
1480570415982	addons.manager	DEBUG	Calling shutdown blocker for LightweightThemeManager
1480570415983	addons.manager	DEBUG	Calling shutdown blocker for GMPProvider
1480570415991	addons.manager	DEBUG	Calling shutdown blocker for PluginProvider
1480570415994	addons.manager	DEBUG	Calling shutdown blocker for <unnamed-provider>
1480570416000	addons.manager	DEBUG	Calling shutdown blocker for PreviousExperimentProvider
1480570416006	addons.xpi	DEBUG	Notifying XPI shutdown observers
1480570416010	addons.manager	DEBUG	Async provider shutdown done

Build info: version: '2.44.0', revision: '76d78cf323ce037c5f92db6c1bba601c2ac43ad8', time: '2014-10-23 13:11:40'
System info: host: 'CS-VEC004-W7', ip: '10.222.48.46', os.name: 'Windows 7', os.arch: 'amd64', os.version: '6.1', java.version: '1.8.0_73'
Driver info: driver.version: FirefoxDriver
	at org.openqa.selenium.firefox.internal.NewProfileExtensionConnection.start(NewProfileExtensionConnection.java:134)
	at org.openqa.selenium.firefox.FirefoxDriver.startClient(FirefoxDriver.java:276)
	at org.openqa.selenium.remote.RemoteWebDriver.<init>(RemoteWebDriver.java:114)
	at org.openqa.selenium.firefox.FirefoxDriver.<init>(FirefoxDriver.java:221)
	at org.openqa.selenium.firefox.FirefoxDriver.<init>(FirefoxDriver.java:216)
	at org.openqa.selenium.firefox.FirefoxDriver.<init>(FirefoxDriver.java:212)
	at org.openqa.selenium.firefox.FirefoxDriver.<init>(FirefoxDriver.java:125)
	at com.cs.test.SeleniumTest3.test(SeleniumTest3.java:88)
	at sun.reflect.NativeMethodAccessorImpl.invoke0(Native Method)
	at sun.reflect.NativeMethodAccessorImpl.invoke(NativeMethodAccessorImpl.java:62)
	at sun.reflect.DelegatingMethodAccessorImpl.invoke(DelegatingMethodAccessorImpl.java:43)
	at java.lang.reflect.Method.invoke(Method.java:497)
	at org.testng.internal.MethodInvocationHelper.invokeMethod(MethodInvocationHelper.java:100)
	at org.testng.internal.Invoker.invokeMethod(Invoker.java:646)
	at org.testng.internal.Invoker.invokeTestMethod(Invoker.java:811)
	at org.testng.internal.Invoker.invokeTestMethods(Invoker.java:1129)
	at org.testng.internal.TestMethodWorker.invokeTestMethods(TestMethodWorker.java:129)
	at org.testng.internal.TestMethodWorker.run(TestMethodWorker.java:112)
	at org.testng.TestRunner.privateRun(TestRunner.java:746)
	at org.testng.TestRunner.run(TestRunner.java:600)
	at org.testng.SuiteRunner.runTest(SuiteRunner.java:366)
	at org.testng.SuiteRunner.runSequentially(SuiteRunner.java:361)
	at org.testng.SuiteRunner.privateRun(SuiteRunner.java:319)
	at org.testng.SuiteRunner.run(SuiteRunner.java:268)
	at org.testng.SuiteRunnerWorker.runSuite(SuiteRunnerWorker.java:52)
	at org.testng.SuiteRunnerWorker.run(SuiteRunnerWorker.java:86)
	at org.testng.TestNG.runSuitesSequentially(TestNG.java:1264)
	at org.testng.TestNG.runSuitesLocally(TestNG.java:1189)
	at org.testng.TestNG.runSuites(TestNG.java:1104)
	at org.testng.TestNG.run(TestNG.java:1076)
	at org.testng.remote.AbstractRemoteTestNG.run(AbstractRemoteTestNG.java:126)
	at org.testng.remote.RemoteTestNG.initAndRun(RemoteTestNG.java:152)
	at org.testng.remote.RemoteTestNG.main(RemoteTestNG.java:57)
Caused by: org.openqa.selenium.firefox.NotConnectedException: Unable to connect to host 127.0.0.1 on port 7055 after 45000 ms. Firefox console output:
*******
*************************
A coding exception was thrown and uncaught in a Task.

Full message: TypeError: aAddon._installLocation is undefined
Full stack: shouldVerifySignedState@resource://gre/modules/addons/XPIProvider.jsm:1696:1
verifyZipSignedState@resource://gre/modules/addons/XPIProvider.jsm:1729:8
loadManifestFromZipReader<@resource://gre/modules/addons/XPIProvider.jsm:1450:35
TaskImpl_run@resource://gre/modules/Task.jsm:319:40
TaskImpl@resource://gre/modules/Task.jsm:280:3
createAsyncFunction/asyncFunction@resource://gre/modules/Task.jsm:254:14
loadManifestFromZipFile<@resource://gre/modules/addons/XPIProvider.jsm:1482:26
TaskImpl_run@resource://gre/modules/Task.jsm:319:40
TaskImpl@resource://gre/modules/Task.jsm:280:3
createAsyncFunction/asyncFunction@resource://gre/modules/Task.jsm:254:14
loadManifestFromFile@resource://gre/modules/addons/XPIProvider.jsm:1492:12
AddonInstaller.InstallerService._shouldInstall/<@resource://addoninstaller/installerService.js:319:49
safeCall@resource://gre/modules/AddonManager.jsm:188:5
makeSafe/<@resource://gre/modules/AddonManager.jsm:204:25
Handler.prototype.process@resource://gre/modules/Promise.jsm -> resource://gre/modules/Promise-backend.js:937:23
this.PromiseWalker.walkerLoop@resource://gre/modules/Promise.jsm -> resource://gre/modules/Promise-backend.js:816:7
this.PromiseWalker.scheduleWalkerLoop/<@resource://gre/modules/Promise.jsm -> resource://gre/modules/Promise-backend.js:750:11

*************************
1480570415744	addons.xpi	DEBUG	Calling bootstrap method shutdown on commonfix@mozillaonline.com version 0.13
console.error: 
  Message: ReferenceError: reason is not defined
  Stack:
    exports.onUnload@resource://gre/modules/commonjs/toolkit/loader.js -> resource://commonfix-at-mozillaonline-dot-com/commonfix/lib/main.js:316:1
unload/<@resource://gre/modules/commonjs/toolkit/loader.js -> resource://gre/modules/commonjs/sdk/system/unload.js:79:9
unload@resource://gre/modules/commonjs/toolkit/loader.js -> resource://gre/modules/commonjs/sdk/system/unload.js:73:3
onunload@resource://gre/modules/commonjs/toolkit/loader.js -> resource://gre/modules/commonjs/sdk/system/unload.js:99:5
Observer<.observe@resource://gre/modules/commonjs/toolkit/loader.js -> resource://gre/modules/commonjs/sdk/system/events.js:81:7
unload@resource://gre/modules/commonjs/toolkit/loader.js:954:3
shutdown@resource://gre/modules/addons/XPIProvider.jsm -> jar:file:///C:/Users/ZENGEL/AppData/Local/Temp/anonymous7072077647017486955webdriver-profile/extensions/commonfix@mozillaonline.com.xpi!/bootstrap.js:303:5
this.XPIProvider.callBootstrapMethod@resource://gre/modules/addons/XPIProvider.jsm:4800:9
this.XPIProvider.startup/<.observe@resource://gre/modules/addons/XPIProvider.jsm:2811:15

1480570415750	addons.xpi	DEBUG	Calling bootstrap method shutdown on wx-assistant@mozillaonline.com version 1.1.5
1480570415752	addons.xpi	DEBUG	Calling bootstrap method shutdown on aushelper@mozilla.org version 1.0
1480570415753	addons.xpi	DEBUG	Calling bootstrap method shutdown on e10srollout@mozilla.org version 1.5
1480570415753	addons.xpi	DEBUG	Calling bootstrap method shutdown on firefox@getpocket.com version 1.0.5
1480570415753	addons.xpi	DEBUG	Calling bootstrap method shutdown on webcompat@mozilla.org version 1.0
1480570415978	addons.manager	DEBUG	shutdown
1480570415979	addons.manager	DEBUG	Calling shutdown blocker for XPIProvider
1480570415979	addons.xpi	DEBUG	shutdown
1480570415980	addons.xpi-utils	DEBUG	shutdown
1480570415982	addons.manager	DEBUG	Calling shutdown blocker for LightweightThemeManager
1480570415983	addons.manager	DEBUG	Calling shutdown blocker for GMPProvider
1480570415991	addons.manager	DEBUG	Calling shutdown blocker for PluginProvider
1480570415994	addons.manager	DEBUG	Calling shutdown blocker for <unnamed-provider>
1480570416000	addons.manager	DEBUG	Calling shutdown blocker for PreviousExperimentProvider
1480570416006	addons.xpi	DEBUG	Notifying XPI shutdown observers
1480570416010	addons.manager	DEBUG	Async provider shutdown done

	at org.openqa.selenium.firefox.internal.NewProfileExtensionConnection.start(NewProfileExtensionConnection.java:122)
	... 32 more
]]>
    </failure>
  </testcase> <!-- test -->
</testsuite> <!-- Default test -->
