<?xml version="1.0" encoding="UTF-8"?>
<!-- Generated by org.testng.reporters.JUnitXMLReporter -->
<testsuite hostname="CS-VEC004-W7" name="chrome_reigister" tests="2" failures="1" timestamp="2 Dec 2016 08:55:35 GMT" time="26.258" errors="0">
  <testcase name="register" time="12.435" classname="com.cs.test.JazzTest"/>
  <testcase name="isSuccess" time="10.469" classname="com.cs.test.JazzTest">
    <failure type="org.openqa.selenium.TimeoutException" message="Timed out after 10 seconds waiting for element ([[RemoteWebDriver: phantomjs on XP (97739405-846b-47e7-88a3-14f4a1817896)] -&amp;gt; id: NC_CHECK_EMAIL]) to become stale
Build info: version: &amp;apos;2.44.0&amp;apos;, revision: &amp;apos;76d78cf323ce037c5f92db6c1bba601c2ac43ad8&amp;apos;, time: &amp;apos;2014-10-23 13:11:40&amp;apos;
System info: host: &amp;apos;CS-VEC004-W7&amp;apos;, ip: &amp;apos;10.222.48.46&amp;apos;, os.name: &amp;apos;Windows 7&amp;apos;, os.arch: &amp;apos;amd64&amp;apos;, os.version: &amp;apos;6.1&amp;apos;, java.version: &amp;apos;1.8.0_73&amp;apos;
Driver info: org.openqa.selenium.remote.RemoteWebDriver
Capabilities [{applicationCacheEnabled=false, rotatable=false, phantomjs.page.settings.loadImages=false, databaseEnabled=false, handlesAlerts=false, version=2.1.1, platform=XP, browserConnectionEnabled=false, proxy={proxyType=direct}, nativeEvents=true, acceptSslCerts=false, driverVersion=1.2.0, webdriver.remote.sessionid=97739405-846b-47e7-88a3-14f4a1817896, locationContextEnabled=false, webStorageEnabled=false, browserName=phantomjs, takesScreenshot=true, javascriptEnabled=true, driverName=ghostdriver, cssSelectorsEnabled=true}]
Session ID: 97739405-846b-47e7-88a3-14f4a1817896">
      <![CDATA[org.openqa.selenium.TimeoutException: Timed out after 10 seconds waiting for element ([[RemoteWebDriver: phantomjs on XP (97739405-846b-47e7-88a3-14f4a1817896)] -> id: NC_CHECK_EMAIL]) to become stale
Build info: version: '2.44.0', revision: '76d78cf323ce037c5f92db6c1bba601c2ac43ad8', time: '2014-10-23 13:11:40'
System info: host: 'CS-VEC004-W7', ip: '10.222.48.46', os.name: 'Windows 7', os.arch: 'amd64', os.version: '6.1', java.version: '1.8.0_73'
Driver info: org.openqa.selenium.remote.RemoteWebDriver
Capabilities [{applicationCacheEnabled=false, rotatable=false, phantomjs.page.settings.loadImages=false, databaseEnabled=false, handlesAlerts=false, version=2.1.1, platform=XP, browserConnectionEnabled=false, proxy={proxyType=direct}, nativeEvents=true, acceptSslCerts=false, driverVersion=1.2.0, webdriver.remote.sessionid=97739405-846b-47e7-88a3-14f4a1817896, locationContextEnabled=false, webStorageEnabled=false, browserName=phantomjs, takesScreenshot=true, javascriptEnabled=true, driverName=ghostdriver, cssSelectorsEnabled=true}]
Session ID: 97739405-846b-47e7-88a3-14f4a1817896
	at org.openqa.selenium.support.ui.WebDriverWait.timeoutException(WebDriverWait.java:80)
	at org.openqa.selenium.support.ui.FluentWait.until(FluentWait.java:229)
	at com.cs.interaction.RegisterInteraction.isRedirectSuccess(RegisterInteraction.java:56)
	at com.cs.test.JazzTest.isSuccess(JazzTest.java:23)
... Removed 25 stack frames]]>
    </failure>
  </testcase> <!-- isSuccess -->
</testsuite> <!-- chrome_reigister -->
