<?xml version="1.0" encoding="UTF-8"?>
<testng-results skipped="0" failed="0" total="0" passed="0">
  <reporter-output>
  </reporter-output>
  <suite name="Suite" duration-ms="31827" started-at="2016-11-22T08:40:26Z" finished-at="2016-11-22T08:40:58Z">
    <groups>
    </groups>
    <test name="baidu_chrome" duration-ms="20195" started-at="2016-11-22T08:40:26Z" finished-at="2016-11-22T08:40:46Z">
      <class name="com.cs.test.SeleniumTest">
        <test-method status="FAIL" signature="beforeTest(java.lang.String)[pri:0, instance:com.cs.test.SeleniumTest@59fa1d9b]" name="beforeTest" is-config="true" duration-ms="0" started-at="2016-11-22T16:40:26Z" finished-at="2016-11-22T16:40:26Z">
          <params>
            <param index="0">
              <value>
                <![CDATA[\src\main\resources\testSuite.xml]]>
              </value>
            </param>
          </params>
          <exception class="java.lang.NullPointerException">
            <full-stacktrace>
              <![CDATA[java.lang.NullPointerException
	at com.cs.util.RemoteWebDriverUtil.loadDriver(RemoteWebDriverUtil.java:39)
	at com.cs.test.SeleniumTest.beforeTest(SeleniumTest.java:28)
	at sun.reflect.NativeMethodAccessorImpl.invoke0(Native Method)
	at sun.reflect.NativeMethodAccessorImpl.invoke(NativeMethodAccessorImpl.java:62)
	at sun.reflect.DelegatingMethodAccessorImpl.invoke(DelegatingMethodAccessorImpl.java:43)
	at java.lang.reflect.Method.invoke(Method.java:497)
	at org.testng.internal.MethodInvocationHelper.invokeMethod(MethodInvocationHelper.java:100)
	at org.testng.internal.Invoker.invokeConfigurationMethod(Invoker.java:515)
	at org.testng.internal.Invoker.invokeConfigurations(Invoker.java:216)
	at org.testng.internal.Invoker.invokeConfigurations(Invoker.java:143)
	at org.testng.TestRunner.beforeRun(TestRunner.java:624)
	at org.testng.TestRunner.run(TestRunner.java:592)
	at org.testng.SuiteRunner.runTest(SuiteRunner.java:366)
	at org.testng.SuiteRunner.access$000(SuiteRunner.java:39)
	at org.testng.SuiteRunner$SuiteWorker.run(SuiteRunner.java:400)
	at org.testng.internal.thread.ThreadUtil$2.call(ThreadUtil.java:64)
	at java.util.concurrent.FutureTask.run(FutureTask.java:266)
	at java.util.concurrent.ThreadPoolExecutor.runWorker(ThreadPoolExecutor.java:1142)
	at java.util.concurrent.ThreadPoolExecutor$Worker.run(ThreadPoolExecutor.java:617)
	at java.lang.Thread.run(Thread.java:745)
]]>
            </full-stacktrace>
          </exception> <!-- java.lang.NullPointerException -->
          <reporter-output>
          </reporter-output>
        </test-method> <!-- beforeTest -->
        <test-method status="SKIP" signature="afterTest()[pri:0, instance:com.cs.test.SeleniumTest@59fa1d9b]" name="afterTest" is-config="true" duration-ms="0" started-at="2016-11-22T16:40:46Z" finished-at="2016-11-22T16:40:46Z">
          <reporter-output>
          </reporter-output>
        </test-method> <!-- afterTest -->
      </class> <!-- com.cs.test.SeleniumTest -->
    </test> <!-- baidu_chrome -->
    <test name="google_firefox" duration-ms="31827" started-at="2016-11-22T08:40:26Z" finished-at="2016-11-22T08:40:58Z">
      <class name="com.cs.test.SeleniumTest">
        <test-method status="FAIL" signature="beforeTest(java.lang.String)[pri:0, instance:com.cs.test.SeleniumTest@604ed9f0]" name="beforeTest" is-config="true" duration-ms="0" started-at="2016-11-22T16:40:26Z" finished-at="2016-11-22T16:40:26Z">
          <params>
            <param index="0">
              <value>
                <![CDATA[\src\main\resources\testSuite.xml]]>
              </value>
            </param>
          </params>
          <exception class="java.lang.NullPointerException">
            <full-stacktrace>
              <![CDATA[java.lang.NullPointerException
	at com.cs.util.RemoteWebDriverUtil.loadDriver(RemoteWebDriverUtil.java:39)
	at com.cs.test.SeleniumTest.beforeTest(SeleniumTest.java:28)
	at sun.reflect.NativeMethodAccessorImpl.invoke0(Native Method)
	at sun.reflect.NativeMethodAccessorImpl.invoke(NativeMethodAccessorImpl.java:62)
	at sun.reflect.DelegatingMethodAccessorImpl.invoke(DelegatingMethodAccessorImpl.java:43)
	at java.lang.reflect.Method.invoke(Method.java:497)
	at org.testng.internal.MethodInvocationHelper.invokeMethod(MethodInvocationHelper.java:100)
	at org.testng.internal.Invoker.invokeConfigurationMethod(Invoker.java:515)
	at org.testng.internal.Invoker.invokeConfigurations(Invoker.java:216)
	at org.testng.internal.Invoker.invokeConfigurations(Invoker.java:143)
	at org.testng.TestRunner.beforeRun(TestRunner.java:624)
	at org.testng.TestRunner.run(TestRunner.java:592)
	at org.testng.SuiteRunner.runTest(SuiteRunner.java:366)
	at org.testng.SuiteRunner.access$000(SuiteRunner.java:39)
	at org.testng.SuiteRunner$SuiteWorker.run(SuiteRunner.java:400)
	at org.testng.internal.thread.ThreadUtil$2.call(ThreadUtil.java:64)
	at java.util.concurrent.FutureTask.run(FutureTask.java:266)
	at java.util.concurrent.ThreadPoolExecutor.runWorker(ThreadPoolExecutor.java:1142)
	at java.util.concurrent.ThreadPoolExecutor$Worker.run(ThreadPoolExecutor.java:617)
	at java.lang.Thread.run(Thread.java:745)
]]>
            </full-stacktrace>
          </exception> <!-- java.lang.NullPointerException -->
          <reporter-output>
          </reporter-output>
        </test-method> <!-- beforeTest -->
        <test-method status="SKIP" signature="afterTest()[pri:0, instance:com.cs.test.SeleniumTest@604ed9f0]" name="afterTest" is-config="true" duration-ms="0" started-at="2016-11-22T16:40:58Z" finished-at="2016-11-22T16:40:58Z">
          <reporter-output>
          </reporter-output>
        </test-method> <!-- afterTest -->
      </class> <!-- com.cs.test.SeleniumTest -->
    </test> <!-- google_firefox -->
  </suite> <!-- Suite -->
</testng-results>
